*** Starting uWSGI 2.0.15 (64bit) on [Fri Dec 15 10:27:03 2017] ***
compiled with version: 5.4.0 20160609 on 04 December 2017 15:23:46
os: Linux-4.10.0-42-generic #46~16.04.1-Ubuntu SMP Mon Dec 4 15:57:59 UTC 2017
nodename: ubuntu
machine: x86_64
clock source: unix
pcre jit disabled
detected number of CPU cores: 2
current working directory: /home/atguigu/reptile/bookstore
writing pidfile to uwsgi.pid
detected binary path: /usr/local/bin/uwsgi
chdir() to /home/atguigu/reptile/bookstore
your processes number limit is 8320
your memory page size is 4096 bytes
detected max file descriptor number: 1024
lock engine: pthread robust mutexes
thunder lock: disabled (you can enable it with --thunder-lock)
uwsgi socket 0 bound to TCP address 127.0.0.1:8080 fd 3
Python version: 3.5.2 (default, Nov 23 2017, 16:37:01)  [GCC 5.4.0 20160609]
Python main interpreter initialized at 0x8b2380
python threads support enabled
your server socket listen backlog is limited to 100 connections
your mercy for graceful operations on workers is 60 seconds
mapped 415280 bytes (405 KB) for 8 cores
*** Operational MODE: preforking+threaded ***
unable to load app 0 (mountpoint='') (callable not found or import error)
*** no app loaded. going in full dynamic mode ***
*** uWSGI is running in multiple interpreter mode ***
spawned uWSGI master process (pid: 9794)
spawned uWSGI worker 1 (pid: 9795, cores: 2)
spawned uWSGI worker 2 (pid: 9796, cores: 2)
spawned uWSGI worker 3 (pid: 9797, cores: 2)
spawned uWSGI worker 4 (pid: 9798, cores: 2)
*** Starting uWSGI 2.0.15 (64bit) on [Fri Dec 15 10:28:58 2017] ***
compiled with version: 5.4.0 20160609 on 04 December 2017 15:23:46
os: Linux-4.10.0-42-generic #46~16.04.1-Ubuntu SMP Mon Dec 4 15:57:59 UTC 2017
nodename: ubuntu
machine: x86_64
clock source: unix
pcre jit disabled
detected number of CPU cores: 2
current working directory: /home/atguigu/reptile/bookstore
writing pidfile to uwsgi.pid
detected binary path: /usr/local/bin/uwsgi
chdir() to /home/atguigu/reptile/bookstore
your processes number limit is 8320
your memory page size is 4096 bytes
detected max file descriptor number: 1024
lock engine: pthread robust mutexes
thunder lock: disabled (you can enable it with --thunder-lock)
probably another instance of uWSGI is running on the same address (127.0.0.1:8080).
bind(): Address already in use [core/socket.c line 769]
*** Starting uWSGI 2.0.15 (64bit) on [Fri Dec 15 10:30:13 2017] ***
compiled with version: 5.4.0 20160609 on 04 December 2017 15:23:46
os: Linux-4.10.0-42-generic #46~16.04.1-Ubuntu SMP Mon Dec 4 15:57:59 UTC 2017
nodename: ubuntu
machine: x86_64
clock source: unix
pcre jit disabled
detected number of CPU cores: 2
current working directory: /home/atguigu/reptile/bookstore
writing pidfile to uwsgi.pid
detected binary path: /usr/local/bin/uwsgi
chdir() to /home/atguigu/reptile/bookstore
your processes number limit is 8320
your memory page size is 4096 bytes
detected max file descriptor number: 1024
lock engine: pthread robust mutexes
thunder lock: disabled (you can enable it with --thunder-lock)
probably another instance of uWSGI is running on the same address (127.0.0.1:8080).
bind(): Address already in use [core/socket.c line 769]
*** Starting uWSGI 2.0.15 (64bit) on [Fri Dec 15 10:34:38 2017] ***
compiled with version: 5.4.0 20160609 on 04 December 2017 15:23:46
os: Linux-4.10.0-42-generic #46~16.04.1-Ubuntu SMP Mon Dec 4 15:57:59 UTC 2017
nodename: ubuntu
machine: x86_64
clock source: unix
pcre jit disabled
detected number of CPU cores: 2
current working directory: /home/atguigu/reptile/bookstore
writing pidfile to 5835
detected binary path: /usr/local/bin/uwsgi
chdir() to /home/atguigu/reptile/bookstore
your processes number limit is 8320
your memory page size is 4096 bytes
detected max file descriptor number: 1024
lock engine: pthread robust mutexes
thunder lock: disabled (you can enable it with --thunder-lock)
probably another instance of uWSGI is running on the same address (127.0.0.1:8080).
bind(): Address already in use [core/socket.c line 769]
*** Starting uWSGI 2.0.15 (64bit) on [Fri Dec 15 10:38:53 2017] ***
compiled with version: 5.4.0 20160609 on 04 December 2017 15:23:46
os: Linux-4.10.0-42-generic #46~16.04.1-Ubuntu SMP Mon Dec 4 15:57:59 UTC 2017
nodename: ubuntu
machine: x86_64
clock source: unix
pcre jit disabled
detected number of CPU cores: 2
current working directory: /home/atguigu/reptile/bookstore
writing pidfile to 5835
detected binary path: /usr/local/bin/uwsgi
chdir() to /home/atguigu/reptile/bookstore
your processes number limit is 8320
your memory page size is 4096 bytes
detected max file descriptor number: 1024
lock engine: pthread robust mutexes
thunder lock: disabled (you can enable it with --thunder-lock)
probably another instance of uWSGI is running on the same address (127.0.0.1:8080).
bind(): Address already in use [core/socket.c line 769]
invalid request block size: 21573 (max 4096)...skip
invalid request block size: 21573 (max 4096)...skip
invalid request block size: 21573 (max 4096)...skip
invalid request block size: 21573 (max 4096)...skip
invalid request block size: 21573 (max 4096)...skip
invalid request block size: 21573 (max 4096)...skip
invalid request block size: 21573 (max 4096)...skip
*** Starting uWSGI 2.0.15 (64bit) on [Fri Dec 15 11:00:24 2017] ***
compiled with version: 5.4.0 20160609 on 04 December 2017 15:23:46
os: Linux-4.10.0-42-generic #46~16.04.1-Ubuntu SMP Mon Dec 4 15:57:59 UTC 2017
nodename: ubuntu
machine: x86_64
clock source: unix
pcre jit disabled
detected number of CPU cores: 2
current working directory: /home/atguigu/reptile/bookstore
writing pidfile to uwsgi.pid
detected binary path: /usr/local/bin/uwsgi
chdir() to /home/atguigu/reptile/bookstore
your processes number limit is 8320
your memory page size is 4096 bytes
detected max file descriptor number: 1024
lock engine: pthread robust mutexes
thunder lock: disabled (you can enable it with --thunder-lock)
uwsgi socket 0 bound to TCP address 127.0.0.1:9000 fd 3
Python version: 3.5.2 (default, Nov 23 2017, 16:37:01)  [GCC 5.4.0 20160609]
Python main interpreter initialized at 0x25b8380
python threads support enabled
your server socket listen backlog is limited to 100 connections
your mercy for graceful operations on workers is 60 seconds
mapped 415280 bytes (405 KB) for 8 cores
*** Operational MODE: preforking+threaded ***
unable to load app 0 (mountpoint='') (callable not found or import error)
invalid request block size: 21573 (max 4096)...skip
invalid request block size: 21573 (max 4096)...skip
invalid request block size: 21573 (max 4096)...skip
WSGI app 0 (mountpoint='') ready in 8 seconds on interpreter 0x25b8380 pid: 10301 (default app)
*** uWSGI is running in multiple interpreter mode ***
spawned uWSGI master process (pid: 10301)
spawned uWSGI worker 1 (pid: 10307, cores: 2)
spawned uWSGI worker 2 (pid: 10308, cores: 2)
spawned uWSGI worker 3 (pid: 10310, cores: 2)
spawned uWSGI worker 4 (pid: 10311, cores: 2)
invalid request block size: 21573 (max 4096)...skip
invalid request block size: 21573 (max 4096)...skip
invalid request block size: 21573 (max 4096)...skip
invalid request block size: 21573 (max 4096)...skip
invalid request block size: 21573 (max 4096)...skip
invalid request block size: 21573 (max 4096)...skip
invalid request block size: 21573 (max 4096)...skip
invalid request block size: 21573 (max 4096)...skip
invalid request block size: 21573 (max 4096)...skip
invalid request block size: 21573 (max 4096)...skip
invalid request block size: 21573 (max 4096)...skip
invalid request block size: 21573 (max 4096)...skip
invalid request block size: 21573 (max 4096)...skip
invalid request block size: 21573 (max 4096)...skip
invalid request block size: 21573 (max 4096)...skip
invalid request block size: 21573 (max 4096)...skip
invalid request block size: 21573 (max 4096)...skip
invalid request block size: 21573 (max 4096)...skip
invalid request block size: 21573 (max 4096)...skip
invalid request block size: 21573 (max 4096)...skip
invalid request block size: 21573 (max 4096)...skip
invalid request block size: 21573 (max 4096)...skip
invalid request block size: 21573 (max 4096)...skip
invalid request block size: 21573 (max 4096)...skip
invalid request block size: 21573 (max 4096)...skip
invalid request block size: 21573 (max 4096)...skip
invalid request block size: 21573 (max 4096)...skip
invalid request block size: 21573 (max 4096)...skip
...gracefully killing workers...
Gracefully killing worker 4 (pid: 10311)...
Gracefully killing worker 3 (pid: 10310)...
Gracefully killing worker 2 (pid: 10308)...
Gracefully killing worker 1 (pid: 10307)...
worker 1 buried after 1 seconds
worker 2 buried after 1 seconds
worker 3 buried after 1 seconds
worker 4 buried after 1 seconds
binary reloading uWSGI...
chdir() to /home/atguigu/reptile/bookstore
closing all non-uwsgi socket fds > 2 (max_fd = 1024)...
found fd 3 mapped to socket 0 (127.0.0.1:9000)
running /usr/local/bin/uwsgi
[uWSGI] getting INI configuration from uwsgi.ini
*** Starting uWSGI 2.0.15 (64bit) on [Fri Dec 15 03:05:37 2017] ***
compiled with version: 5.4.0 20160609 on 04 December 2017 15:23:46
os: Linux-4.10.0-42-generic #46~16.04.1-Ubuntu SMP Mon Dec 4 15:57:59 UTC 2017
nodename: ubuntu
machine: x86_64
clock source: unix
pcre jit disabled
detected number of CPU cores: 2
current working directory: /home/atguigu/reptile/bookstore
detected binary path: /usr/local/bin/uwsgi
chdir() to /home/atguigu/reptile/bookstore
your processes number limit is 8320
your memory page size is 4096 bytes
detected max file descriptor number: 1024
lock engine: pthread robust mutexes
thunder lock: disabled (you can enable it with --thunder-lock)
uwsgi socket 0 inherited INET address 127.0.0.1:9000 fd 3
Python version: 3.5.2 (default, Nov 23 2017, 16:37:01)  [GCC 5.4.0 20160609]
Python main interpreter initialized at 0x759c20
python threads support enabled
your server socket listen backlog is limited to 100 connections
your mercy for graceful operations on workers is 60 seconds
mapped 415280 bytes (405 KB) for 8 cores
*** Operational MODE: preforking+threaded ***
unable to load app 0 (mountpoint='') (callable not found or import error)
WSGI app 0 (mountpoint='') ready in 1 seconds on interpreter 0x759c20 pid: 10301 (default app)
*** uWSGI is running in multiple interpreter mode ***
gracefully (RE)spawned uWSGI master process (pid: 10301)
spawned uWSGI worker 1 (pid: 10405, cores: 2)
spawned uWSGI worker 2 (pid: 10407, cores: 2)
spawned uWSGI worker 3 (pid: 10409, cores: 2)
spawned uWSGI worker 4 (pid: 10410, cores: 2)
invalid request block size: 21573 (max 4096)...skip
invalid request block size: 21573 (max 4096)...skip
invalid request block size: 21573 (max 4096)...skip
invalid request block size: 21573 (max 4096)...skip
invalid request block size: 21573 (max 4096)...skip
invalid request block size: 21573 (max 4096)...skip
invalid request block size: 21573 (max 4096)...skip
invalid request block size: 21573 (max 4096)...skip
invalid request block size: 21573 (max 4096)...skip
invalid request block size: 21573 (max 4096)...skip
invalid request block size: 21573 (max 4096)...skip
invalid request block size: 21573 (max 4096)...skip
invalid request block size: 21573 (max 4096)...skip
invalid request block size: 21573 (max 4096)...skip
invalid request block size: 21573 (max 4096)...skip
invalid request block size: 21573 (max 4096)...skip
invalid request block size: 21573 (max 4096)...skip
invalid request block size: 21573 (max 4096)...skip
invalid request block size: 21573 (max 4096)...skip
invalid request block size: 21573 (max 4096)...skip
invalid request block size: 21573 (max 4096)...skip
invalid request block size: 21573 (max 4096)...skip
invalid request block size: 21573 (max 4096)...skip
invalid request block size: 21573 (max 4096)...skip
invalid request block size: 21573 (max 4096)...skip
invalid request block size: 21573 (max 4096)...skip
invalid request block size: 21573 (max 4096)...skip
invalid request block size: 21573 (max 4096)...skip
invalid request block size: 21573 (max 4096)...skip
invalid request block size: 21573 (max 4096)...skip
invalid request block size: 21573 (max 4096)...skip
invalid request block size: 21573 (max 4096)...skip
invalid request block size: 21573 (max 4096)...skip
invalid request block size: 21573 (max 4096)...skip
...gracefully killing workers...
Gracefully killing worker 1 (pid: 10405)...
Gracefully killing worker 4 (pid: 10410)...
Gracefully killing worker 3 (pid: 10409)...
Gracefully killing worker 2 (pid: 10407)...
worker 1 buried after 2 seconds
worker 2 buried after 2 seconds
worker 3 buried after 2 seconds
worker 4 buried after 2 seconds
binary reloading uWSGI...
chdir() to /home/atguigu/reptile/bookstore
closing all non-uwsgi socket fds > 2 (max_fd = 1024)...
found fd 3 mapped to socket 0 (127.0.0.1:9000)
running /usr/local/bin/uwsgi
[uWSGI] getting INI configuration from uwsgi.ini
*** Starting uWSGI 2.0.15 (64bit) on [Fri Dec 15 03:45:34 2017] ***
compiled with version: 5.4.0 20160609 on 04 December 2017 15:23:46
os: Linux-4.10.0-42-generic #46~16.04.1-Ubuntu SMP Mon Dec 4 15:57:59 UTC 2017
nodename: ubuntu
machine: x86_64
clock source: unix
pcre jit disabled
detected number of CPU cores: 2
current working directory: /home/atguigu/reptile/bookstore
detected binary path: /usr/local/bin/uwsgi
chdir() to /home/atguigu/reptile/bookstore
your processes number limit is 8320
your memory page size is 4096 bytes
detected max file descriptor number: 1024
lock engine: pthread robust mutexes
thunder lock: disabled (you can enable it with --thunder-lock)
uwsgi socket 0 inherited INET address 127.0.0.1:9000 fd 3
Python version: 3.5.2 (default, Nov 23 2017, 16:37:01)  [GCC 5.4.0 20160609]
Set PythonHome to /usr/bin/python3
Fatal Python error: Py_Initialize: Unable to get the locale encoding
ImportError: No module named 'encodings'

Current thread 0x00007f1594b82740 (most recent call first):
invalid request block size: 21573 (max 4096)...skip
invalid request block size: 21573 (max 4096)...skip
invalid request block size: 21573 (max 4096)...skip
invalid request block size: 21573 (max 4096)...skip
invalid request block size: 21573 (max 4096)...skip
invalid request block size: 21573 (max 4096)...skip
invalid request block size: 21573 (max 4096)...skip
invalid request block size: 21573 (max 4096)...skip
invalid request block size: 21573 (max 4096)...skip
invalid request block size: 21573 (max 4096)...skip
invalid request block size: 21573 (max 4096)...skip
invalid request block size: 21573 (max 4096)...skip
invalid request block size: 21573 (max 4096)...skip
invalid request block size: 21573 (max 4096)...skip
invalid request block size: 21573 (max 4096)...skip
invalid request block size: 21573 (max 4096)...skip
invalid request block size: 21573 (max 4096)...skip
invalid request block size: 21573 (max 4096)...skip
invalid request block size: 21573 (max 4096)...skip
invalid request block size: 21573 (max 4096)...skip
invalid request block size: 21573 (max 4096)...skip
invalid request block size: 21573 (max 4096)...skip
invalid request block size: 21573 (max 4096)...skip
invalid request block size: 21573 (max 4096)...skip
invalid request block size: 21573 (max 4096)...skip
invalid request block size: 21573 (max 4096)...skip
invalid request block size: 21573 (max 4096)...skip
invalid request block size: 21573 (max 4096)...skip
invalid request block size: 21573 (max 4096)...skip
invalid request block size: 21573 (max 4096)...skip
invalid request block size: 21573 (max 4096)...skip
invalid request block size: 21573 (max 4096)...skip
invalid request block size: 21573 (max 4096)...skip
invalid request block size: 21573 (max 4096)...skip
invalid request block size: 21573 (max 4096)...skip
invalid request block size: 21573 (max 4096)...skip
invalid request block size: 21573 (max 4096)...skip
invalid request block size: 21573 (max 4096)...skip
invalid request block size: 21573 (max 4096)...skip
invalid request block size: 21573 (max 4096)...skip
invalid request block size: 21573 (max 4096)...skip
invalid request block size: 21573 (max 4096)...skip
invalid request block size: 21573 (max 4096)...skip
invalid request block size: 21573 (max 4096)...skip
*** Starting uWSGI 2.0.15 (64bit) on [Fri Dec 15 14:09:42 2017] ***
compiled with version: 5.4.0 20160609 on 04 December 2017 15:23:46
os: Linux-4.10.0-42-generic #46~16.04.1-Ubuntu SMP Mon Dec 4 15:57:59 UTC 2017
nodename: ubuntu
machine: x86_64
clock source: unix
pcre jit disabled
detected number of CPU cores: 2
current working directory: /home/atguigu/reptile/bookstore
writing pidfile to uwsgi.pid
detected binary path: /usr/local/bin/uwsgi
chdir() to /home/atguigu/reptile/bookstore/
your processes number limit is 8320
your memory page size is 4096 bytes
detected max file descriptor number: 1024
lock engine: pthread robust mutexes
thunder lock: disabled (you can enable it with --thunder-lock)
uwsgi socket 0 bound to TCP address 127.0.0.1:9000 fd 3
Python version: 3.5.2 (default, Nov 23 2017, 16:37:01)  [GCC 5.4.0 20160609]
Set PythonHome to /home/atguigu/.virtualenvs/py3
Python main interpreter initialized at 0xd42500
python threads support enabled
your server socket listen backlog is limited to 100 connections
your mercy for graceful operations on workers is 60 seconds
mapped 415280 bytes (405 KB) for 8 cores
*** Operational MODE: preforking+threaded ***
unable to load app 0 (mountpoint='') (callable not found or import error)
invalid request block size: 21573 (max 4096)...skip
invalid request block size: 21573 (max 4096)...skip
invalid request block size: 21573 (max 4096)...skip
invalid request block size: 21573 (max 4096)...skip
invalid request block size: 21573 (max 4096)...skip
invalid request block size: 21573 (max 4096)...skip
WSGI app 0 (mountpoint='') ready in 8 seconds on interpreter 0xd42500 pid: 12031 (default app)
*** uWSGI is running in multiple interpreter mode ***
spawned uWSGI master process (pid: 12031)
spawned uWSGI worker 1 (pid: 12037, cores: 2)
spawned uWSGI worker 2 (pid: 12038, cores: 2)
spawned uWSGI worker 3 (pid: 12040, cores: 2)
spawned uWSGI worker 4 (pid: 12041, cores: 2)
invalid request block size: 21573 (max 4096)...skip
invalid request block size: 21573 (max 4096)...skip
invalid request block size: 21573 (max 4096)...skip
invalid request block size: 21573 (max 4096)...skip
invalid request block size: 21573 (max 4096)...skip
invalid request block size: 21573 (max 4096)...skip
...gracefully killing workers...
Gracefully killing worker 1 (pid: 12037)...
Gracefully killing worker 2 (pid: 12038)...
Gracefully killing worker 3 (pid: 12040)...
Gracefully killing worker 4 (pid: 12041)...
worker 1 buried after 11 seconds
worker 2 buried after 11 seconds
worker 4 buried after 11 seconds
worker 3 buried after 13 seconds
binary reloading uWSGI...
chdir() to /home/atguigu/reptile/bookstore
closing all non-uwsgi socket fds > 2 (max_fd = 1024)...
found fd 3 mapped to socket 0 (127.0.0.1:9000)
running /usr/local/bin/uwsgi
[uWSGI] getting INI configuration from uwsgi.ini
*** Starting uWSGI 2.0.15 (64bit) on [Fri Dec 15 06:11:11 2017] ***
compiled with version: 5.4.0 20160609 on 04 December 2017 15:23:46
os: Linux-4.10.0-42-generic #46~16.04.1-Ubuntu SMP Mon Dec 4 15:57:59 UTC 2017
nodename: ubuntu
machine: x86_64
clock source: unix
pcre jit disabled
detected number of CPU cores: 2
current working directory: /home/atguigu/reptile/bookstore
detected binary path: /usr/local/bin/uwsgi
chdir() to /home/atguigu/reptile/bookstore/
your processes number limit is 8320
your memory page size is 4096 bytes
detected max file descriptor number: 1024
lock engine: pthread robust mutexes
thunder lock: disabled (you can enable it with --thunder-lock)
uwsgi socket 0 inherited INET address 127.0.0.1:9000 fd 3
Python version: 3.5.2 (default, Nov 23 2017, 16:37:01)  [GCC 5.4.0 20160609]
Set PythonHome to /home/atguigu/.virtualenvs/py3
Python main interpreter initialized at 0x1aacdb0
python threads support enabled
your server socket listen backlog is limited to 100 connections
your mercy for graceful operations on workers is 60 seconds
mapped 415280 bytes (405 KB) for 8 cores
*** Operational MODE: preforking+threaded ***
unable to load app 0 (mountpoint='') (callable not found or import error)
WSGI app 0 (mountpoint='') ready in 6 seconds on interpreter 0x1aacdb0 pid: 12031 (default app)
*** uWSGI is running in multiple interpreter mode ***
gracefully (RE)spawned uWSGI master process (pid: 12031)
spawned uWSGI worker 1 (pid: 12056, cores: 2)
spawned uWSGI worker 2 (pid: 12057, cores: 2)
spawned uWSGI worker 3 (pid: 12059, cores: 2)
spawned uWSGI worker 4 (pid: 12061, cores: 2)
invalid request block size: 21573 (max 4096)...skip
invalid request block size: 21573 (max 4096)...skip
invalid request block size: 21573 (max 4096)...skip
invalid request block size: 21573 (max 4096)...skip
invalid request block size: 21573 (max 4096)...skip
invalid request block size: 21573 (max 4096)...skip
invalid request block size: 21573 (max 4096)...skip
invalid request block size: 21573 (max 4096)...skip
invalid request block size: 21573 (max 4096)...skip
invalid request block size: 21573 (max 4096)...skip
invalid request block size: 21573 (max 4096)...skip
invalid request block size: 21573 (max 4096)...skip
invalid request block size: 21573 (max 4096)...skip
invalid request block size: 21573 (max 4096)...skip
invalid request block size: 21573 (max 4096)...skip
Fri Dec 15 14:15:04 2017 - uWSGI worker 4 screams: UAAAAAAH my master disconnected: i will kill myself !!!
Fri Dec 15 14:15:04 2017 - uWSGI worker 4 screams: UAAAAAAH my master disconnected: i will kill myself !!!
Fri Dec 15 14:15:04 2017 - uWSGI worker 1 screams: UAAAAAAH my master disconnected: i will kill myself !!!
Fri Dec 15 14:15:04 2017 - uWSGI worker 2 screams: UAAAAAAH my master disconnected: i will kill myself !!!
Fri Dec 15 14:15:04 2017 - uWSGI worker 3 screams: UAAAAAAH my master disconnected: i will kill myself !!!
Fri Dec 15 14:15:04 2017 - uWSGI worker 1 screams: UAAAAAAH my master disconnected: i will kill myself !!!
Fri Dec 15 14:15:04 2017 - uWSGI worker 2 screams: UAAAAAAH my master disconnected: i will kill myself !!!
Fri Dec 15 14:15:04 2017 - uWSGI worker 3 screams: UAAAAAAH my master disconnected: i will kill myself !!!
Fri Dec 15 06:15:14 2017 - uWSGI worker 4 screams: UAAAAAAH my master disconnected: i will kill myself !!!
Fri Dec 15 06:15:14 2017 - uWSGI worker 3 screams: UAAAAAAH my master disconnected: i will kill myself !!!
Fri Dec 15 06:15:14 2017 - uWSGI worker 2 screams: UAAAAAAH my master disconnected: i will kill myself !!!
Fri Dec 15 06:15:14 2017 - uWSGI worker 1 screams: UAAAAAAH my master disconnected: i will kill myself !!!
Fri Dec 15 06:15:14 2017 - uWSGI worker 2 screams: UAAAAAAH my master disconnected: i will kill myself !!!
Fri Dec 15 06:15:14 2017 - uWSGI worker 1 screams: UAAAAAAH my master disconnected: i will kill myself !!!
Fri Dec 15 06:15:14 2017 - uWSGI worker 4 screams: UAAAAAAH my master disconnected: i will kill myself !!!
Fri Dec 15 06:15:14 2017 - uWSGI worker 3 screams: UAAAAAAH my master disconnected: i will kill myself !!!
*** Starting uWSGI 2.0.15 (64bit) on [Fri Dec 15 14:16:14 2017] ***
compiled with version: 5.4.0 20160609 on 04 December 2017 15:23:46
os: Linux-4.10.0-42-generic #46~16.04.1-Ubuntu SMP Mon Dec 4 15:57:59 UTC 2017
nodename: ubuntu
machine: x86_64
clock source: unix
pcre jit disabled
detected number of CPU cores: 2
current working directory: /home/atguigu/reptile/bookstore
writing pidfile to uwsgi.pid
detected binary path: /home/atguigu/.virtualenvs/py3/bin/uwsgi
chdir() to /home/atguigu/reptile/bookstore/
your processes number limit is 8320
your memory page size is 4096 bytes
detected max file descriptor number: 1024
lock engine: pthread robust mutexes
thunder lock: disabled (you can enable it with --thunder-lock)
uwsgi socket 0 bound to TCP address 127.0.0.1:9000 fd 3
Python version: 3.5.2 (default, Nov 23 2017, 16:37:01)  [GCC 5.4.0 20160609]
Set PythonHome to /home/atguigu/.virtualenvs/py3
Python main interpreter initialized at 0x219e630
python threads support enabled
your server socket listen backlog is limited to 100 connections
your mercy for graceful operations on workers is 60 seconds
mapped 415280 bytes (405 KB) for 8 cores
*** Operational MODE: preforking+threaded ***
unable to load app 0 (mountpoint='') (callable not found or import error)
WSGI app 0 (mountpoint='') ready in 0 seconds on interpreter 0x219e630 pid: 12193 (default app)
*** uWSGI is running in multiple interpreter mode ***
spawned uWSGI master process (pid: 12193)
spawned uWSGI worker 1 (pid: 12197, cores: 2)
spawned uWSGI worker 2 (pid: 12198, cores: 2)
spawned uWSGI worker 3 (pid: 12200, cores: 2)
spawned uWSGI worker 4 (pid: 12202, cores: 2)
Not Found: /favicon.ico
Not Found: /
[pid: 12202|app: 0|req: 2/1] 127.0.0.1 () {44 vars in 788 bytes} [Fri Dec 15 06:16:35 2017] GET / => generated 2658 bytes in 18780 msecs (HTTP/1.1 404) 2 headers in 80 bytes (1 switches on core 0)
[pid: 12202|app: 0|req: 2/2] 127.0.0.1 () {46 vars in 789 bytes} [Fri Dec 15 06:16:54 2017] GET /favicon.ico => generated 2691 bytes in 320 msecs (HTTP/1.1 404) 2 headers in 80 bytes (1 switches on core 1)
[pid: 12200|app: 0|req: 1/3] 127.0.0.1 () {42 vars in 767 bytes} [Fri Dec 15 06:17:09 2017] GET /books => generated 0 bytes in 815 msecs (HTTP/1.1 301) 2 headers in 93 bytes (1 switches on core 0)
Not Found: /books/index
[pid: 12200|app: 0|req: 2/4] 127.0.0.1 () {42 vars in 779 bytes} [Fri Dec 15 06:17:16 2017] GET /books/index => generated 3173 bytes in 31 msecs (HTTP/1.1 404) 2 headers in 80 bytes (1 switches on core 1)
[pid: 12197|app: 0|req: 1/5] 127.0.0.1 () {42 vars in 769 bytes} [Fri Dec 15 06:17:09 2017] GET /books/ => generated 15051 bytes in 8990 msecs (HTTP/1.1 200) 6 headers in 216 bytes (1 switches on core 0)
[pid: 12197|app: 0|req: 2/6] 127.0.0.1 () {42 vars in 769 bytes} [Fri Dec 15 06:17:26 2017] GET /books/ => generated 15051 bytes in 45 msecs (HTTP/1.1 200) 5 headers in 202 bytes (1 switches on core 1)
[pid: 12197|app: 0|req: 3/7] 127.0.0.1 () {44 vars in 745 bytes} [Fri Dec 15 06:17:30 2017] GET /cart/count/ => generated 10 bytes in 1 msecs (HTTP/1.1 200) 3 headers in 94 bytes (1 switches on core 0)
[pid: 12198|app: 0|req: 1/8] 127.0.0.1 () {46 vars in 855 bytes} [Fri Dec 15 06:22:09 2017] GET /books/ => generated 15051 bytes in 8563 msecs (HTTP/1.1 200) 6 headers in 216 bytes (1 switches on core 0)
Not Found: /
[pid: 12197|app: 0|req: 4/9] 127.0.0.1 () {42 vars in 757 bytes} [Fri Dec 15 06:22:22 2017] GET / => generated 2658 bytes in 10 msecs (HTTP/1.1 404) 2 headers in 80 bytes (1 switches on core 1)
[pid: 12198|app: 0|req: 2/10] 127.0.0.1 () {42 vars in 769 bytes} [Fri Dec 15 06:22:29 2017] GET /books/ => generated 15051 bytes in 3 msecs (HTTP/1.1 200) 5 headers in 202 bytes (1 switches on core 1)
[pid: 12200|app: 0|req: 3/11] 127.0.0.1 () {44 vars in 745 bytes} [Fri Dec 15 06:22:29 2017] GET /cart/count/ => generated 10 bytes in 2 msecs (HTTP/1.1 200) 3 headers in 94 bytes (1 switches on core 0)
[pid: 12197|app: 0|req: 5/12] 127.0.0.1 () {46 vars in 855 bytes} [Fri Dec 15 06:22:33 2017] GET /books/ => generated 15051 bytes in 3 msecs (HTTP/1.1 200) 5 headers in 202 bytes (1 switches on core 0)
[pid: 12198|app: 0|req: 3/13] 127.0.0.1 () {44 vars in 745 bytes} [Fri Dec 15 06:22:33 2017] GET /cart/count/ => generated 10 bytes in 1 msecs (HTTP/1.1 200) 3 headers in 94 bytes (1 switches on core 0)
[pid: 12202|app: 0|req: 3/14] 127.0.0.1 () {46 vars in 855 bytes} [Fri Dec 15 06:22:47 2017] GET /books/ => generated 15051 bytes in 20 msecs (HTTP/1.1 200) 5 headers in 202 bytes (1 switches on core 0)
[pid: 12200|app: 0|req: 4/15] 127.0.0.1 () {44 vars in 745 bytes} [Fri Dec 15 06:22:48 2017] GET /cart/count/ => generated 10 bytes in 1 msecs (HTTP/1.1 200) 3 headers in 94 bytes (1 switches on core 0)
Gracefully killing worker 1 (pid: 12197)...
Gracefully killing worker 2 (pid: 12198)...
Gracefully killing worker 3 (pid: 12200)...
Gracefully killing worker 4 (pid: 12202)...
...gracefully killing workers...
worker 1 buried after 49 seconds
worker 2 buried after 52 seconds
worker 3 buried after 52 seconds
worker 4 buried after 52 seconds
binary reloading uWSGI...
chdir() to /home/atguigu/reptile/bookstore
closing all non-uwsgi socket fds > 2 (max_fd = 1024)...
found fd 3 mapped to socket 0 (127.0.0.1:9000)
running /home/atguigu/.virtualenvs/py3/bin/uwsgi
[uWSGI] getting INI configuration from uwsgi.ini
*** Starting uWSGI 2.0.15 (64bit) on [Fri Dec 15 07:14:52 2017] ***
compiled with version: 5.4.0 20160609 on 04 December 2017 15:23:46
os: Linux-4.10.0-42-generic #46~16.04.1-Ubuntu SMP Mon Dec 4 15:57:59 UTC 2017
nodename: ubuntu
machine: x86_64
clock source: unix
pcre jit disabled
detected number of CPU cores: 2
current working directory: /home/atguigu/reptile/bookstore
detected binary path: /home/atguigu/.virtualenvs/py3/bin/uwsgi
chdir() to /home/atguigu/reptile/bookstore/
your processes number limit is 8320
your memory page size is 4096 bytes
detected max file descriptor number: 1024
lock engine: pthread robust mutexes
thunder lock: disabled (you can enable it with --thunder-lock)
uwsgi socket 0 inherited INET address 127.0.0.1:9000 fd 3
Python version: 3.5.2 (default, Nov 23 2017, 16:37:01)  [GCC 5.4.0 20160609]
Set PythonHome to /home/atguigu/.virtualenvs/py3
Python main interpreter initialized at 0x2041ef0
python threads support enabled
your server socket listen backlog is limited to 100 connections
your mercy for graceful operations on workers is 60 seconds
mapped 415280 bytes (405 KB) for 8 cores
*** Operational MODE: preforking+threaded ***
unable to load app 0 (mountpoint='') (callable not found or import error)
WSGI app 0 (mountpoint='') ready in 16 seconds on interpreter 0x2041ef0 pid: 12193 (default app)
*** uWSGI is running in multiple interpreter mode ***
gracefully (RE)spawned uWSGI master process (pid: 12193)
spawned uWSGI worker 1 (pid: 12879, cores: 2)
spawned uWSGI worker 2 (pid: 12880, cores: 2)
spawned uWSGI worker 3 (pid: 12883, cores: 2)
spawned uWSGI worker 4 (pid: 12884, cores: 2)
